<?xml version="1.0" encoding="UTF-8"?>
<testsuite name="io.github.sejoung.product.usecases.port.in.SaveRoundProductInUseCaseTest" tests="1" skipped="0" failures="0" errors="0" timestamp="2021-06-22T10:55:32" hostname="beniui-MacBookPro.local" time="0.02">
  <properties/>
  <testcase name="Commend 회차권 count는 99 이하여야 합니다" classname="io.github.sejoung.product.usecases.port.in.SaveRoundProductInUseCaseTest" time="0.02"/>
  <system-out><![CDATA[]]></system-out>
  <system-err><![CDATA[]]></system-err>
</testsuite>
