<?xml version="1.0" encoding="UTF-8"?>
<testsuite name="io.github.sejoung.product.entities.RoundProductTest" tests="1" skipped="0" failures="0" errors="0" timestamp="2021-06-22T10:55:32" hostname="beniui-MacBookPro.local" time="0.009">
  <properties/>
  <testcase name="count 최소 값은 1 이상입니다." classname="io.github.sejoung.product.entities.RoundProductTest" time="0.009"/>
  <system-out><![CDATA[]]></system-out>
  <system-err><![CDATA[]]></system-err>
</testsuite>
