<?xml version="1.0" encoding="UTF-8"?>
<testsuite name="io.github.sejoung.product.entities.PeriodProductTest" tests="1" skipped="0" failures="0" errors="0" timestamp="2021-06-22T10:55:32" hostname="beniui-MacBookPro.local" time="0.013">
  <properties/>
  <testcase name="startDate는 값이 있어야 됩니다." classname="io.github.sejoung.product.entities.PeriodProductTest" time="0.013"/>
  <system-out><![CDATA[]]></system-out>
  <system-err><![CDATA[]]></system-err>
</testsuite>
